<?xml version='1.0' encoding='UTF-8'?>
<domConfigList>
    <domConfig mbid="53494d550101" name="Nicholson_Baker">
            <simulation>
                <noiseRate> 50.0 </noiseRate>
            </simulation>
    </domConfig>
    <domConfig mbid="53494d550102" name="Stanislaw_Lem">
            <simulation>
                <noiseRate> 50.0 </noiseRate>
            </simulation>
    </domConfig>
    <domConfig mbid="53494d550103" name="Samuel_Beckett">
            <simulation>
                <noiseRate> 50.0 </noiseRate>
            </simulation>
    </domConfig>
    <domConfig mbid="53494d550104" name="James_Joyce">
            <simulation>
                <noiseRate> 50.0 </noiseRate>
            </simulation>
    </domConfig>
    <domConfig mbid="53494d550105" name="SIM0005">
            <simulation>
                <noiseRate> 50.0 </noiseRate>
            </simulation>
    </domConfig>
    <domConfig mbid="53494d550106" name="SIM0006">
            <simulation>
                <noiseRate> 50.0 </noiseRate>
            </simulation>
    </domConfig>
    <domConfig mbid="53494d550107" name="SIM0007">
            <simulation>
                <noiseRate> 50.0 </noiseRate>
            </simulation>
    </domConfig>
    <domConfig mbid="53494d550108" name="SIM0008">
            <simulation>
                <noiseRate> 50.0 </noiseRate>
            </simulation>
    </domConfig>
    <domConfig mbid="53494d550109" name="SIM0009">
            <simulation>
                <noiseRate> 50.0 </noiseRate>
            </simulation>
    </domConfig>
    <domConfig mbid="53494d550110" name="SIM0010">
            <simulation>
                <noiseRate> 50.0 </noiseRate>
            </simulation>
    </domConfig>
    <domConfig mbid="53494d550111" name="SIM0011">
            <simulation>
                <noiseRate> 50.0 </noiseRate>
            </simulation>
    </domConfig>
    <domConfig mbid="53494d550112" name="SIM0012">
            <simulation>
                <noiseRate> 50.0 </noiseRate>
            </simulation>
    </domConfig>
    <domConfig mbid="53494d550113" name="SIM0013">
            <simulation>
                <noiseRate> 50.0 </noiseRate>
            </simulation>
    </domConfig>
    <domConfig mbid="53494d550114" name="SIM0014">
            <simulation>
                <noiseRate> 50.0 </noiseRate>
            </simulation>
    </domConfig>
    <domConfig mbid="53494d550115" name="SIM0015">
            <simulation>
                <noiseRate> 50.0 </noiseRate>
            </simulation>
    </domConfig>
    <domConfig mbid="53494d550116" name="SIM0016">
            <simulation>
                <noiseRate> 50.0 </noiseRate>
            </simulation>
    </domConfig>
    <domConfig mbid="53494d550117" name="SIM0017">
            <simulation>
                <noiseRate> 50.0 </noiseRate>
            </simulation>
    </domConfig>
    <domConfig mbid="53494d550118" name="SIM0018">
            <simulation>
                <noiseRate> 50.0 </noiseRate>
            </simulation>
    </domConfig>
    <domConfig mbid="53494d550119" name="SIM0019">
            <simulation>
                <noiseRate> 50.0 </noiseRate>
            </simulation>
    </domConfig>
    <domConfig mbid="53494d550120" name="SIM0020">
            <simulation>
                <noiseRate> 50.0 </noiseRate>
            </simulation>
    </domConfig>
    <domConfig mbid="53494d550121" name="SIM0021">
            <simulation>
                <noiseRate> 50.0 </noiseRate>
            </simulation>
    </domConfig>
    <domConfig mbid="53494d550122" name="SIM0022">
            <simulation>
                <noiseRate> 50.0 </noiseRate>
            </simulation>
    </domConfig>
    <domConfig mbid="53494d550123" name="SIM0023">
            <simulation>
                <noiseRate> 50.0 </noiseRate>
            </simulation>
    </domConfig>
    <domConfig mbid="53494d550124" name="SIM0024">
            <simulation>
                <noiseRate> 50.0 </noiseRate>
            </simulation>
    </domConfig>
    <domConfig mbid="53494d550125" name="SIM0025">
            <simulation>
                <noiseRate> 50.0 </noiseRate>
            </simulation>
    </domConfig>
    <domConfig mbid="53494d550126" name="SIM0026">
            <simulation>
                <noiseRate> 50.0 </noiseRate>
            </simulation>
    </domConfig>
    <domConfig mbid="53494d550127" name="SIM0027">
            <simulation>
                <noiseRate> 50.0 </noiseRate>
            </simulation>
    </domConfig>
    <domConfig mbid="53494d550128" name="SIM0028">
            <simulation>
                <noiseRate> 50.0 </noiseRate>
            </simulation>
    </domConfig>
    <domConfig mbid="53494d550129" name="SIM0029">
            <simulation>
                <noiseRate> 50.0 </noiseRate>
            </simulation>
    </domConfig>
    <domConfig mbid="53494d550130" name="SIM0030">
            <simulation>
                <noiseRate> 50.0 </noiseRate>
            </simulation>
    </domConfig>
    <domConfig mbid="53494d550131" name="SIM0031">
            <simulation>
                <noiseRate> 50.0 </noiseRate>
            </simulation>
    </domConfig>
    <domConfig mbid="53494d550132" name="SIM0032">
            <simulation>
                <noiseRate> 50.0 </noiseRate>
            </simulation>
    </domConfig>
    <domConfig mbid="53494d550133" name="SIM0033">
            <simulation>
                <noiseRate> 50.0 </noiseRate>
            </simulation>
    </domConfig>
    <domConfig mbid="53494d550134" name="SIM0034">
            <simulation>
                <noiseRate> 50.0 </noiseRate>
            </simulation>
    </domConfig>
    <domConfig mbid="53494d550135" name="SIM0035">
            <simulation>
                <noiseRate> 50.0 </noiseRate>
            </simulation>
    </domConfig>
    <domConfig mbid="53494d550136" name="SIM0036">
            <simulation>
                <noiseRate> 50.0 </noiseRate>
            </simulation>
    </domConfig>
    <domConfig mbid="53494d550137" name="SIM0037">
            <simulation>
                <noiseRate> 50.0 </noiseRate>
            </simulation>
    </domConfig>
    <domConfig mbid="53494d550138" name="SIM0038">
            <simulation>
                <noiseRate> 50.0 </noiseRate>
            </simulation>
    </domConfig>
    <domConfig mbid="53494d550139" name="SIM0039">
            <simulation>
                <noiseRate> 50.0 </noiseRate>
            </simulation>
    </domConfig>
    <domConfig mbid="53494d550140" name="SIM0040">
            <simulation>
                <noiseRate> 50.0 </noiseRate>
            </simulation>
    </domConfig>
    <domConfig mbid="53494d550141" name="SIM0041">
            <simulation>
                <noiseRate> 50.0 </noiseRate>
            </simulation>
    </domConfig>
    <domConfig mbid="53494d550142" name="SIM0042">
            <simulation>
                <noiseRate> 50.0 </noiseRate>
            </simulation>
    </domConfig>
    <domConfig mbid="53494d550143" name="SIM0043">
            <simulation>
                <noiseRate> 50.0 </noiseRate>
            </simulation>
    </domConfig>
    <domConfig mbid="53494d550144" name="SIM0044">
            <simulation>
                <noiseRate> 50.0 </noiseRate>
            </simulation>
    </domConfig>
    <domConfig mbid="53494d550145" name="SIM0045">
            <simulation>
                <noiseRate> 50.0 </noiseRate>
            </simulation>
    </domConfig>
    <domConfig mbid="53494d550146" name="SIM0046">
            <simulation>
                <noiseRate> 50.0 </noiseRate>
            </simulation>
    </domConfig>
    <domConfig mbid="53494d550147" name="SIM0047">
            <simulation>
                <noiseRate> 50.0 </noiseRate>
            </simulation>
    </domConfig>
    <domConfig mbid="53494d550148" name="SIM0048">
            <simulation>
                <noiseRate> 50.0 </noiseRate>
            </simulation>
    </domConfig>
    <domConfig mbid="53494d550149" name="SIM0049">
            <simulation>
                <noiseRate> 50.0 </noiseRate>
            </simulation>
    </domConfig>
    <domConfig mbid="53494d550150" name="SIM0050">
            <simulation>
                <noiseRate> 50.0 </noiseRate>
            </simulation>
    </domConfig>
    <domConfig mbid="53494d550151" name="SIM0051">
            <simulation>
                <noiseRate> 50.0 </noiseRate>
            </simulation>
    </domConfig>
    <domConfig mbid="53494d550152" name="SIM0052">
            <simulation>
                <noiseRate> 50.0 </noiseRate>
            </simulation>
    </domConfig>
    <domConfig mbid="53494d550153" name="SIM0053">
            <simulation>
                <noiseRate> 50.0 </noiseRate>
            </simulation>
    </domConfig>
    <domConfig mbid="53494d550154" name="SIM0054">
            <simulation>
                <noiseRate> 50.0 </noiseRate>
            </simulation>
    </domConfig>
    <domConfig mbid="53494d550155" name="SIM0055">
            <simulation>
                <noiseRate> 50.0 </noiseRate>
            </simulation>
    </domConfig>
    <domConfig mbid="53494d550156" name="SIM0056">
            <simulation>
                <noiseRate> 50.0 </noiseRate>
            </simulation>
    </domConfig>
    <domConfig mbid="53494d550157" name="SIM0057">
            <simulation>
                <noiseRate> 50.0 </noiseRate>
            </simulation>
    </domConfig>
    <domConfig mbid="53494d550158" name="SIM0058">
            <simulation>
                <noiseRate> 50.0 </noiseRate>
            </simulation>
    </domConfig>
    <domConfig mbid="53494d550159" name="SIM0059">
            <simulation>
                <noiseRate> 50.0 </noiseRate>
            </simulation>
    </domConfig>
    <domConfig mbid="53494d550160" name="SIM0060">
            <simulation>
                <noiseRate> 50.0 </noiseRate>
            </simulation>
    </domConfig>
</domConfigList>
