<?xml version='1.0' encoding='UTF-8'?>
<domConfigList>
    <domConfig mbid="53494d550801" name="SIM0449">
            <simulation>
                <noiseRate> 50.0 </noiseRate>
            </simulation>
    </domConfig>
    <domConfig mbid="53494d550802" name="SIM0450">
            <simulation>
                <noiseRate> 50.0 </noiseRate>
            </simulation>
    </domConfig>
    <domConfig mbid="53494d550803" name="SIM0451">
            <simulation>
                <noiseRate> 50.0 </noiseRate>
            </simulation>
    </domConfig>
    <domConfig mbid="53494d550804" name="SIM0452">
            <simulation>
                <noiseRate> 50.0 </noiseRate>
            </simulation>
    </domConfig>
    <domConfig mbid="53494d550805" name="SIM0453">
            <simulation>
                <noiseRate> 50.0 </noiseRate>
            </simulation>
    </domConfig>
    <domConfig mbid="53494d550806" name="SIM0454">
            <simulation>
                <noiseRate> 50.0 </noiseRate>
            </simulation>
    </domConfig>
    <domConfig mbid="53494d550807" name="SIM0455">
            <simulation>
                <noiseRate> 50.0 </noiseRate>
            </simulation>
    </domConfig>
    <domConfig mbid="53494d550808" name="SIM0456">
            <simulation>
                <noiseRate> 50.0 </noiseRate>
            </simulation>
    </domConfig>
    <domConfig mbid="53494d550809" name="SIM0457">
            <simulation>
                <noiseRate> 50.0 </noiseRate>
            </simulation>
    </domConfig>
    <domConfig mbid="53494d550810" name="SIM0458">
            <simulation>
                <noiseRate> 50.0 </noiseRate>
            </simulation>
    </domConfig>
    <domConfig mbid="53494d550811" name="SIM0459">
            <simulation>
                <noiseRate> 50.0 </noiseRate>
            </simulation>
    </domConfig>
    <domConfig mbid="53494d550812" name="SIM0460">
            <simulation>
                <noiseRate> 50.0 </noiseRate>
            </simulation>
    </domConfig>
    <domConfig mbid="53494d550813" name="SIM0461">
            <simulation>
                <noiseRate> 50.0 </noiseRate>
            </simulation>
    </domConfig>
    <domConfig mbid="53494d550814" name="SIM0462">
            <simulation>
                <noiseRate> 50.0 </noiseRate>
            </simulation>
    </domConfig>
    <domConfig mbid="53494d550815" name="SIM0463">
            <simulation>
                <noiseRate> 50.0 </noiseRate>
            </simulation>
    </domConfig>
    <domConfig mbid="53494d550816" name="SIM0464">
            <simulation>
                <noiseRate> 50.0 </noiseRate>
            </simulation>
    </domConfig>
    <domConfig mbid="53494d550817" name="SIM0465">
            <simulation>
                <noiseRate> 50.0 </noiseRate>
            </simulation>
    </domConfig>
    <domConfig mbid="53494d550818" name="SIM0466">
            <simulation>
                <noiseRate> 50.0 </noiseRate>
            </simulation>
    </domConfig>
    <domConfig mbid="53494d550819" name="SIM0467">
            <simulation>
                <noiseRate> 50.0 </noiseRate>
            </simulation>
    </domConfig>
    <domConfig mbid="53494d550820" name="SIM0468">
            <simulation>
                <noiseRate> 50.0 </noiseRate>
            </simulation>
    </domConfig>
    <domConfig mbid="53494d550821" name="SIM0469">
            <simulation>
                <noiseRate> 50.0 </noiseRate>
            </simulation>
    </domConfig>
    <domConfig mbid="53494d550822" name="SIM0470">
            <simulation>
                <noiseRate> 50.0 </noiseRate>
            </simulation>
    </domConfig>
    <domConfig mbid="53494d550823" name="SIM0471">
            <simulation>
                <noiseRate> 50.0 </noiseRate>
            </simulation>
    </domConfig>
    <domConfig mbid="53494d550824" name="SIM0472">
            <simulation>
                <noiseRate> 50.0 </noiseRate>
            </simulation>
    </domConfig>
    <domConfig mbid="53494d550825" name="SIM0473">
            <simulation>
                <noiseRate> 50.0 </noiseRate>
            </simulation>
    </domConfig>
    <domConfig mbid="53494d550826" name="SIM0474">
            <simulation>
                <noiseRate> 50.0 </noiseRate>
            </simulation>
    </domConfig>
    <domConfig mbid="53494d550827" name="SIM0475">
            <simulation>
                <noiseRate> 50.0 </noiseRate>
            </simulation>
    </domConfig>
    <domConfig mbid="53494d550828" name="SIM0476">
            <simulation>
                <noiseRate> 50.0 </noiseRate>
            </simulation>
    </domConfig>
    <domConfig mbid="53494d550829" name="SIM0477">
            <simulation>
                <noiseRate> 50.0 </noiseRate>
            </simulation>
    </domConfig>
    <domConfig mbid="53494d550830" name="SIM0478">
            <simulation>
                <noiseRate> 50.0 </noiseRate>
            </simulation>
    </domConfig>
    <domConfig mbid="53494d550831" name="SIM0479">
            <simulation>
                <noiseRate> 50.0 </noiseRate>
            </simulation>
    </domConfig>
    <domConfig mbid="53494d550832" name="SIM0480">
            <simulation>
                <noiseRate> 50.0 </noiseRate>
            </simulation>
    </domConfig>
    <domConfig mbid="53494d550833" name="SIM0481">
            <simulation>
                <noiseRate> 50.0 </noiseRate>
            </simulation>
    </domConfig>
    <domConfig mbid="53494d550834" name="SIM0482">
            <simulation>
                <noiseRate> 50.0 </noiseRate>
            </simulation>
    </domConfig>
    <domConfig mbid="53494d550835" name="SIM0483">
            <simulation>
                <noiseRate> 50.0 </noiseRate>
            </simulation>
    </domConfig>
    <domConfig mbid="53494d550836" name="SIM0484">
            <simulation>
                <noiseRate> 50.0 </noiseRate>
            </simulation>
    </domConfig>
    <domConfig mbid="53494d550837" name="SIM0485">
            <simulation>
                <noiseRate> 50.0 </noiseRate>
            </simulation>
    </domConfig>
    <domConfig mbid="53494d550838" name="SIM0486">
            <simulation>
                <noiseRate> 50.0 </noiseRate>
            </simulation>
    </domConfig>
    <domConfig mbid="53494d550839" name="SIM0487">
            <simulation>
                <noiseRate> 50.0 </noiseRate>
            </simulation>
    </domConfig>
    <domConfig mbid="53494d550840" name="SIM0488">
            <simulation>
                <noiseRate> 50.0 </noiseRate>
            </simulation>
    </domConfig>
    <domConfig mbid="53494d550841" name="SIM0489">
            <simulation>
                <noiseRate> 50.0 </noiseRate>
            </simulation>
    </domConfig>
    <domConfig mbid="53494d550842" name="SIM0490">
            <simulation>
                <noiseRate> 50.0 </noiseRate>
            </simulation>
    </domConfig>
    <domConfig mbid="53494d550843" name="SIM0491">
            <simulation>
                <noiseRate> 50.0 </noiseRate>
            </simulation>
    </domConfig>
    <domConfig mbid="53494d550844" name="SIM0492">
            <simulation>
                <noiseRate> 50.0 </noiseRate>
            </simulation>
    </domConfig>
    <domConfig mbid="53494d550845" name="SIM0493">
            <simulation>
                <noiseRate> 50.0 </noiseRate>
            </simulation>
    </domConfig>
    <domConfig mbid="53494d550846" name="SIM0494">
            <simulation>
                <noiseRate> 50.0 </noiseRate>
            </simulation>
    </domConfig>
    <domConfig mbid="53494d550847" name="SIM0495">
            <simulation>
                <noiseRate> 50.0 </noiseRate>
            </simulation>
    </domConfig>
    <domConfig mbid="53494d550848" name="SIM0496">
            <simulation>
                <noiseRate> 50.0 </noiseRate>
            </simulation>
    </domConfig>
    <domConfig mbid="53494d550849" name="SIM0497">
            <simulation>
                <noiseRate> 50.0 </noiseRate>
            </simulation>
    </domConfig>
    <domConfig mbid="53494d550850" name="SIM0498">
            <simulation>
                <noiseRate> 50.0 </noiseRate>
            </simulation>
    </domConfig>
    <domConfig mbid="53494d550851" name="SIM0499">
            <simulation>
                <noiseRate> 50.0 </noiseRate>
            </simulation>
    </domConfig>
    <domConfig mbid="53494d550852" name="SIM0500">
            <simulation>
                <noiseRate> 50.0 </noiseRate>
            </simulation>
    </domConfig>
    <domConfig mbid="53494d550853" name="SIM0501">
            <simulation>
                <noiseRate> 50.0 </noiseRate>
            </simulation>
    </domConfig>
    <domConfig mbid="53494d550854" name="SIM0502">
            <simulation>
                <noiseRate> 50.0 </noiseRate>
            </simulation>
    </domConfig>
    <domConfig mbid="53494d550855" name="SIM0503">
            <simulation>
                <noiseRate> 50.0 </noiseRate>
            </simulation>
    </domConfig>
    <domConfig mbid="53494d550856" name="SIM0504">
            <simulation>
                <noiseRate> 50.0 </noiseRate>
            </simulation>
    </domConfig>
    <domConfig mbid="53494d550857" name="SIM0505">
            <simulation>
                <noiseRate> 50.0 </noiseRate>
            </simulation>
    </domConfig>
    <domConfig mbid="53494d550858" name="SIM0506">
            <simulation>
                <noiseRate> 50.0 </noiseRate>
            </simulation>
    </domConfig>
    <domConfig mbid="53494d550859" name="SIM0507">
            <simulation>
                <noiseRate> 50.0 </noiseRate>
            </simulation>
    </domConfig>
    <domConfig mbid="53494d550860" name="SIM0508">
            <simulation>
                <noiseRate> 50.0 </noiseRate>
            </simulation>
    </domConfig>
</domConfigList>
