<?xml version='1.0' encoding='UTF-8'?>
<domConfigList>
    <domConfig mbid="53494d550901" name="SIM0513">
            <simulation>
                <noiseRate> 50.0 </noiseRate>
            </simulation>
    </domConfig>
    <domConfig mbid="53494d550902" name="SIM0514">
            <simulation>
                <noiseRate> 50.0 </noiseRate>
            </simulation>
    </domConfig>
    <domConfig mbid="53494d550903" name="SIM0515">
            <simulation>
                <noiseRate> 50.0 </noiseRate>
            </simulation>
    </domConfig>
    <domConfig mbid="53494d550904" name="SIM0516">
            <simulation>
                <noiseRate> 50.0 </noiseRate>
            </simulation>
    </domConfig>
    <domConfig mbid="53494d550905" name="SIM0517">
            <simulation>
                <noiseRate> 50.0 </noiseRate>
            </simulation>
    </domConfig>
    <domConfig mbid="53494d550906" name="SIM0518">
            <simulation>
                <noiseRate> 50.0 </noiseRate>
            </simulation>
    </domConfig>
    <domConfig mbid="53494d550907" name="SIM0519">
            <simulation>
                <noiseRate> 50.0 </noiseRate>
            </simulation>
    </domConfig>
    <domConfig mbid="53494d550908" name="SIM0520">
            <simulation>
                <noiseRate> 50.0 </noiseRate>
            </simulation>
    </domConfig>
    <domConfig mbid="53494d550909" name="SIM0521">
            <simulation>
                <noiseRate> 50.0 </noiseRate>
            </simulation>
    </domConfig>
    <domConfig mbid="53494d550910" name="SIM0522">
            <simulation>
                <noiseRate> 50.0 </noiseRate>
            </simulation>
    </domConfig>
    <domConfig mbid="53494d550911" name="SIM0523">
            <simulation>
                <noiseRate> 50.0 </noiseRate>
            </simulation>
    </domConfig>
    <domConfig mbid="53494d550912" name="SIM0524">
            <simulation>
                <noiseRate> 50.0 </noiseRate>
            </simulation>
    </domConfig>
    <domConfig mbid="53494d550913" name="SIM0525">
            <simulation>
                <noiseRate> 50.0 </noiseRate>
            </simulation>
    </domConfig>
    <domConfig mbid="53494d550914" name="SIM0526">
            <simulation>
                <noiseRate> 50.0 </noiseRate>
            </simulation>
    </domConfig>
    <domConfig mbid="53494d550915" name="SIM0527">
            <simulation>
                <noiseRate> 50.0 </noiseRate>
            </simulation>
    </domConfig>
    <domConfig mbid="53494d550916" name="SIM0528">
            <simulation>
                <noiseRate> 50.0 </noiseRate>
            </simulation>
    </domConfig>
    <domConfig mbid="53494d550917" name="SIM0529">
            <simulation>
                <noiseRate> 50.0 </noiseRate>
            </simulation>
    </domConfig>
    <domConfig mbid="53494d550918" name="SIM0530">
            <simulation>
                <noiseRate> 50.0 </noiseRate>
            </simulation>
    </domConfig>
    <domConfig mbid="53494d550919" name="SIM0531">
            <simulation>
                <noiseRate> 50.0 </noiseRate>
            </simulation>
    </domConfig>
    <domConfig mbid="53494d550920" name="SIM0532">
            <simulation>
                <noiseRate> 50.0 </noiseRate>
            </simulation>
    </domConfig>
    <domConfig mbid="53494d550921" name="SIM0533">
            <simulation>
                <noiseRate> 50.0 </noiseRate>
            </simulation>
    </domConfig>
    <domConfig mbid="53494d550922" name="SIM0534">
            <simulation>
                <noiseRate> 50.0 </noiseRate>
            </simulation>
    </domConfig>
    <domConfig mbid="53494d550923" name="SIM0535">
            <simulation>
                <noiseRate> 50.0 </noiseRate>
            </simulation>
    </domConfig>
    <domConfig mbid="53494d550924" name="SIM0536">
            <simulation>
                <noiseRate> 50.0 </noiseRate>
            </simulation>
    </domConfig>
    <domConfig mbid="53494d550925" name="SIM0537">
            <simulation>
                <noiseRate> 50.0 </noiseRate>
            </simulation>
    </domConfig>
    <domConfig mbid="53494d550926" name="SIM0538">
            <simulation>
                <noiseRate> 50.0 </noiseRate>
            </simulation>
    </domConfig>
    <domConfig mbid="53494d550927" name="SIM0539">
            <simulation>
                <noiseRate> 50.0 </noiseRate>
            </simulation>
    </domConfig>
    <domConfig mbid="53494d550928" name="SIM0540">
            <simulation>
                <noiseRate> 50.0 </noiseRate>
            </simulation>
    </domConfig>
    <domConfig mbid="53494d550929" name="SIM0541">
            <simulation>
                <noiseRate> 50.0 </noiseRate>
            </simulation>
    </domConfig>
    <domConfig mbid="53494d550930" name="SIM0542">
            <simulation>
                <noiseRate> 50.0 </noiseRate>
            </simulation>
    </domConfig>
    <domConfig mbid="53494d550931" name="SIM0543">
            <simulation>
                <noiseRate> 50.0 </noiseRate>
            </simulation>
    </domConfig>
    <domConfig mbid="53494d550932" name="SIM0544">
            <simulation>
                <noiseRate> 50.0 </noiseRate>
            </simulation>
    </domConfig>
    <domConfig mbid="53494d550933" name="SIM0545">
            <simulation>
                <noiseRate> 50.0 </noiseRate>
            </simulation>
    </domConfig>
    <domConfig mbid="53494d550934" name="SIM0546">
            <simulation>
                <noiseRate> 50.0 </noiseRate>
            </simulation>
    </domConfig>
    <domConfig mbid="53494d550935" name="SIM0547">
            <simulation>
                <noiseRate> 50.0 </noiseRate>
            </simulation>
    </domConfig>
    <domConfig mbid="53494d550936" name="SIM0548">
            <simulation>
                <noiseRate> 50.0 </noiseRate>
            </simulation>
    </domConfig>
    <domConfig mbid="53494d550937" name="SIM0549">
            <simulation>
                <noiseRate> 50.0 </noiseRate>
            </simulation>
    </domConfig>
    <domConfig mbid="53494d550938" name="SIM0550">
            <simulation>
                <noiseRate> 50.0 </noiseRate>
            </simulation>
    </domConfig>
    <domConfig mbid="53494d550939" name="SIM0551">
            <simulation>
                <noiseRate> 50.0 </noiseRate>
            </simulation>
    </domConfig>
    <domConfig mbid="53494d550940" name="SIM0552">
            <simulation>
                <noiseRate> 50.0 </noiseRate>
            </simulation>
    </domConfig>
    <domConfig mbid="53494d550941" name="SIM0553">
            <simulation>
                <noiseRate> 50.0 </noiseRate>
            </simulation>
    </domConfig>
    <domConfig mbid="53494d550942" name="SIM0554">
            <simulation>
                <noiseRate> 50.0 </noiseRate>
            </simulation>
    </domConfig>
    <domConfig mbid="53494d550943" name="SIM0555">
            <simulation>
                <noiseRate> 50.0 </noiseRate>
            </simulation>
    </domConfig>
    <domConfig mbid="53494d550944" name="SIM0556">
            <simulation>
                <noiseRate> 50.0 </noiseRate>
            </simulation>
    </domConfig>
    <domConfig mbid="53494d550945" name="SIM0557">
            <simulation>
                <noiseRate> 50.0 </noiseRate>
            </simulation>
    </domConfig>
    <domConfig mbid="53494d550946" name="SIM0558">
            <simulation>
                <noiseRate> 50.0 </noiseRate>
            </simulation>
    </domConfig>
    <domConfig mbid="53494d550947" name="SIM0559">
            <simulation>
                <noiseRate> 50.0 </noiseRate>
            </simulation>
    </domConfig>
    <domConfig mbid="53494d550948" name="SIM0560">
            <simulation>
                <noiseRate> 50.0 </noiseRate>
            </simulation>
    </domConfig>
    <domConfig mbid="53494d550949" name="SIM0561">
            <simulation>
                <noiseRate> 50.0 </noiseRate>
            </simulation>
    </domConfig>
    <domConfig mbid="53494d550950" name="SIM0562">
            <simulation>
                <noiseRate> 50.0 </noiseRate>
            </simulation>
    </domConfig>
    <domConfig mbid="53494d550951" name="SIM0563">
            <simulation>
                <noiseRate> 50.0 </noiseRate>
            </simulation>
    </domConfig>
    <domConfig mbid="53494d550952" name="SIM0564">
            <simulation>
                <noiseRate> 50.0 </noiseRate>
            </simulation>
    </domConfig>
    <domConfig mbid="53494d550953" name="SIM0565">
            <simulation>
                <noiseRate> 50.0 </noiseRate>
            </simulation>
    </domConfig>
    <domConfig mbid="53494d550954" name="SIM0566">
            <simulation>
                <noiseRate> 50.0 </noiseRate>
            </simulation>
    </domConfig>
    <domConfig mbid="53494d550955" name="SIM0567">
            <simulation>
                <noiseRate> 50.0 </noiseRate>
            </simulation>
    </domConfig>
    <domConfig mbid="53494d550956" name="SIM0568">
            <simulation>
                <noiseRate> 50.0 </noiseRate>
            </simulation>
    </domConfig>
    <domConfig mbid="53494d550957" name="SIM0569">
            <simulation>
                <noiseRate> 50.0 </noiseRate>
            </simulation>
    </domConfig>
    <domConfig mbid="53494d550958" name="SIM0570">
            <simulation>
                <noiseRate> 50.0 </noiseRate>
            </simulation>
    </domConfig>
    <domConfig mbid="53494d550959" name="SIM0571">
            <simulation>
                <noiseRate> 50.0 </noiseRate>
            </simulation>
    </domConfig>
    <domConfig mbid="53494d550960" name="SIM0572">
            <simulation>
                <noiseRate> 50.0 </noiseRate>
            </simulation>
    </domConfig>
</domConfigList>
