<?xml version='1.0' encoding='UTF-8'?>
<domConfigList>
    <domConfig mbid="53494d550601" name="SIM0321">
            <simulation>
                <noiseRate> 50.0 </noiseRate>
            </simulation>
    </domConfig>
    <domConfig mbid="53494d550602" name="SIM0322">
            <simulation>
                <noiseRate> 50.0 </noiseRate>
            </simulation>
    </domConfig>
    <domConfig mbid="53494d550603" name="SIM0323">
            <simulation>
                <noiseRate> 50.0 </noiseRate>
            </simulation>
    </domConfig>
    <domConfig mbid="53494d550604" name="SIM0324">
            <simulation>
                <noiseRate> 50.0 </noiseRate>
            </simulation>
    </domConfig>
    <domConfig mbid="53494d550605" name="SIM0325">
            <simulation>
                <noiseRate> 50.0 </noiseRate>
            </simulation>
    </domConfig>
    <domConfig mbid="53494d550606" name="SIM0326">
            <simulation>
                <noiseRate> 50.0 </noiseRate>
            </simulation>
    </domConfig>
    <domConfig mbid="53494d550607" name="SIM0327">
            <simulation>
                <noiseRate> 50.0 </noiseRate>
            </simulation>
    </domConfig>
    <domConfig mbid="53494d550608" name="SIM0328">
            <simulation>
                <noiseRate> 50.0 </noiseRate>
            </simulation>
    </domConfig>
    <domConfig mbid="53494d550609" name="SIM0329">
            <simulation>
                <noiseRate> 50.0 </noiseRate>
            </simulation>
    </domConfig>
    <domConfig mbid="53494d550610" name="SIM0330">
            <simulation>
                <noiseRate> 50.0 </noiseRate>
            </simulation>
    </domConfig>
    <domConfig mbid="53494d550611" name="SIM0331">
            <simulation>
                <noiseRate> 50.0 </noiseRate>
            </simulation>
    </domConfig>
    <domConfig mbid="53494d550612" name="SIM0332">
            <simulation>
                <noiseRate> 50.0 </noiseRate>
            </simulation>
    </domConfig>
    <domConfig mbid="53494d550613" name="SIM0333">
            <simulation>
                <noiseRate> 50.0 </noiseRate>
            </simulation>
    </domConfig>
    <domConfig mbid="53494d550614" name="SIM0334">
            <simulation>
                <noiseRate> 50.0 </noiseRate>
            </simulation>
    </domConfig>
    <domConfig mbid="53494d550615" name="SIM0335">
            <simulation>
                <noiseRate> 50.0 </noiseRate>
            </simulation>
    </domConfig>
    <domConfig mbid="53494d550616" name="SIM0336">
            <simulation>
                <noiseRate> 50.0 </noiseRate>
            </simulation>
    </domConfig>
    <domConfig mbid="53494d550617" name="SIM0337">
            <simulation>
                <noiseRate> 50.0 </noiseRate>
            </simulation>
    </domConfig>
    <domConfig mbid="53494d550618" name="SIM0338">
            <simulation>
                <noiseRate> 50.0 </noiseRate>
            </simulation>
    </domConfig>
    <domConfig mbid="53494d550619" name="SIM0339">
            <simulation>
                <noiseRate> 50.0 </noiseRate>
            </simulation>
    </domConfig>
    <domConfig mbid="53494d550620" name="SIM0340">
            <simulation>
                <noiseRate> 50.0 </noiseRate>
            </simulation>
    </domConfig>
    <domConfig mbid="53494d550621" name="SIM0341">
            <simulation>
                <noiseRate> 50.0 </noiseRate>
            </simulation>
    </domConfig>
    <domConfig mbid="53494d550622" name="SIM0342">
            <simulation>
                <noiseRate> 50.0 </noiseRate>
            </simulation>
    </domConfig>
    <domConfig mbid="53494d550623" name="SIM0343">
            <simulation>
                <noiseRate> 50.0 </noiseRate>
            </simulation>
    </domConfig>
    <domConfig mbid="53494d550624" name="SIM0344">
            <simulation>
                <noiseRate> 50.0 </noiseRate>
            </simulation>
    </domConfig>
    <domConfig mbid="53494d550625" name="SIM0345">
            <simulation>
                <noiseRate> 50.0 </noiseRate>
            </simulation>
    </domConfig>
    <domConfig mbid="53494d550626" name="SIM0346">
            <simulation>
                <noiseRate> 50.0 </noiseRate>
            </simulation>
    </domConfig>
    <domConfig mbid="53494d550627" name="SIM0347">
            <simulation>
                <noiseRate> 50.0 </noiseRate>
            </simulation>
    </domConfig>
    <domConfig mbid="53494d550628" name="SIM0348">
            <simulation>
                <noiseRate> 50.0 </noiseRate>
            </simulation>
    </domConfig>
    <domConfig mbid="53494d550629" name="SIM0349">
            <simulation>
                <noiseRate> 50.0 </noiseRate>
            </simulation>
    </domConfig>
    <domConfig mbid="53494d550630" name="SIM0350">
            <simulation>
                <noiseRate> 50.0 </noiseRate>
            </simulation>
    </domConfig>
    <domConfig mbid="53494d550631" name="SIM0351">
            <simulation>
                <noiseRate> 50.0 </noiseRate>
            </simulation>
    </domConfig>
    <domConfig mbid="53494d550632" name="SIM0352">
            <simulation>
                <noiseRate> 50.0 </noiseRate>
            </simulation>
    </domConfig>
    <domConfig mbid="53494d550633" name="SIM0353">
            <simulation>
                <noiseRate> 50.0 </noiseRate>
            </simulation>
    </domConfig>
    <domConfig mbid="53494d550634" name="SIM0354">
            <simulation>
                <noiseRate> 50.0 </noiseRate>
            </simulation>
    </domConfig>
    <domConfig mbid="53494d550635" name="SIM0355">
            <simulation>
                <noiseRate> 50.0 </noiseRate>
            </simulation>
    </domConfig>
    <domConfig mbid="53494d550636" name="SIM0356">
            <simulation>
                <noiseRate> 50.0 </noiseRate>
            </simulation>
    </domConfig>
    <domConfig mbid="53494d550637" name="SIM0357">
            <simulation>
                <noiseRate> 50.0 </noiseRate>
            </simulation>
    </domConfig>
    <domConfig mbid="53494d550638" name="SIM0358">
            <simulation>
                <noiseRate> 50.0 </noiseRate>
            </simulation>
    </domConfig>
    <domConfig mbid="53494d550639" name="SIM0359">
            <simulation>
                <noiseRate> 50.0 </noiseRate>
            </simulation>
    </domConfig>
    <domConfig mbid="53494d550640" name="SIM0360">
            <simulation>
                <noiseRate> 50.0 </noiseRate>
            </simulation>
    </domConfig>
    <domConfig mbid="53494d550641" name="SIM0361">
            <simulation>
                <noiseRate> 50.0 </noiseRate>
            </simulation>
    </domConfig>
    <domConfig mbid="53494d550642" name="SIM0362">
            <simulation>
                <noiseRate> 50.0 </noiseRate>
            </simulation>
    </domConfig>
    <domConfig mbid="53494d550643" name="SIM0363">
            <simulation>
                <noiseRate> 50.0 </noiseRate>
            </simulation>
    </domConfig>
    <domConfig mbid="53494d550644" name="SIM0364">
            <simulation>
                <noiseRate> 50.0 </noiseRate>
            </simulation>
    </domConfig>
    <domConfig mbid="53494d550645" name="SIM0365">
            <simulation>
                <noiseRate> 50.0 </noiseRate>
            </simulation>
    </domConfig>
    <domConfig mbid="53494d550646" name="SIM0366">
            <simulation>
                <noiseRate> 50.0 </noiseRate>
            </simulation>
    </domConfig>
    <domConfig mbid="53494d550647" name="SIM0367">
            <simulation>
                <noiseRate> 50.0 </noiseRate>
            </simulation>
    </domConfig>
    <domConfig mbid="53494d550648" name="SIM0368">
            <simulation>
                <noiseRate> 50.0 </noiseRate>
            </simulation>
    </domConfig>
    <domConfig mbid="53494d550649" name="SIM0369">
            <simulation>
                <noiseRate> 50.0 </noiseRate>
            </simulation>
    </domConfig>
    <domConfig mbid="53494d550650" name="SIM0370">
            <simulation>
                <noiseRate> 50.0 </noiseRate>
            </simulation>
    </domConfig>
    <domConfig mbid="53494d550651" name="SIM0371">
            <simulation>
                <noiseRate> 50.0 </noiseRate>
            </simulation>
    </domConfig>
    <domConfig mbid="53494d550652" name="SIM0372">
            <simulation>
                <noiseRate> 50.0 </noiseRate>
            </simulation>
    </domConfig>
    <domConfig mbid="53494d550653" name="SIM0373">
            <simulation>
                <noiseRate> 50.0 </noiseRate>
            </simulation>
    </domConfig>
    <domConfig mbid="53494d550654" name="SIM0374">
            <simulation>
                <noiseRate> 50.0 </noiseRate>
            </simulation>
    </domConfig>
    <domConfig mbid="53494d550655" name="SIM0375">
            <simulation>
                <noiseRate> 50.0 </noiseRate>
            </simulation>
    </domConfig>
    <domConfig mbid="53494d550656" name="SIM0376">
            <simulation>
                <noiseRate> 50.0 </noiseRate>
            </simulation>
    </domConfig>
    <domConfig mbid="53494d550657" name="SIM0377">
            <simulation>
                <noiseRate> 50.0 </noiseRate>
            </simulation>
    </domConfig>
    <domConfig mbid="53494d550658" name="SIM0378">
            <simulation>
                <noiseRate> 50.0 </noiseRate>
            </simulation>
    </domConfig>
    <domConfig mbid="53494d550659" name="SIM0379">
            <simulation>
                <noiseRate> 50.0 </noiseRate>
            </simulation>
    </domConfig>
    <domConfig mbid="53494d550660" name="SIM0380">
            <simulation>
                <noiseRate> 50.0 </noiseRate>
            </simulation>
    </domConfig>
</domConfigList>
