<?xml version='1.0' encoding='UTF-8'?>
<domConfigList>
    <domConfig mbid="53494d550201" name="SIM0065">
            <simulation>
                <noiseRate> 50.0 </noiseRate>
            </simulation>
    </domConfig>
    <domConfig mbid="53494d550202" name="SIM0066">
            <simulation>
                <noiseRate> 50.0 </noiseRate>
            </simulation>
    </domConfig>
    <domConfig mbid="53494d550203" name="SIM0067">
            <simulation>
                <noiseRate> 50.0 </noiseRate>
            </simulation>
    </domConfig>
    <domConfig mbid="53494d550204" name="SIM0068">
            <simulation>
                <noiseRate> 50.0 </noiseRate>
            </simulation>
    </domConfig>
    <domConfig mbid="53494d550205" name="SIM0069">
            <simulation>
                <noiseRate> 50.0 </noiseRate>
            </simulation>
    </domConfig>
    <domConfig mbid="53494d550206" name="SIM0070">
            <simulation>
                <noiseRate> 50.0 </noiseRate>
            </simulation>
    </domConfig>
    <domConfig mbid="53494d550207" name="SIM0071">
            <simulation>
                <noiseRate> 50.0 </noiseRate>
            </simulation>
    </domConfig>
    <domConfig mbid="53494d550208" name="SIM0072">
            <simulation>
                <noiseRate> 50.0 </noiseRate>
            </simulation>
    </domConfig>
    <domConfig mbid="53494d550209" name="SIM0073">
            <simulation>
                <noiseRate> 50.0 </noiseRate>
            </simulation>
    </domConfig>
    <domConfig mbid="53494d550210" name="SIM0074">
            <simulation>
                <noiseRate> 50.0 </noiseRate>
            </simulation>
    </domConfig>
    <domConfig mbid="53494d550211" name="SIM0075">
            <simulation>
                <noiseRate> 50.0 </noiseRate>
            </simulation>
    </domConfig>
    <domConfig mbid="53494d550212" name="SIM0076">
            <simulation>
                <noiseRate> 50.0 </noiseRate>
            </simulation>
    </domConfig>
    <domConfig mbid="53494d550213" name="SIM0077">
            <simulation>
                <noiseRate> 50.0 </noiseRate>
            </simulation>
    </domConfig>
    <domConfig mbid="53494d550214" name="SIM0078">
            <simulation>
                <noiseRate> 50.0 </noiseRate>
            </simulation>
    </domConfig>
    <domConfig mbid="53494d550215" name="SIM0079">
            <simulation>
                <noiseRate> 50.0 </noiseRate>
            </simulation>
    </domConfig>
    <domConfig mbid="53494d550216" name="SIM0080">
            <simulation>
                <noiseRate> 50.0 </noiseRate>
            </simulation>
    </domConfig>
    <domConfig mbid="53494d550217" name="SIM0081">
            <simulation>
                <noiseRate> 50.0 </noiseRate>
            </simulation>
    </domConfig>
    <domConfig mbid="53494d550218" name="SIM0082">
            <simulation>
                <noiseRate> 50.0 </noiseRate>
            </simulation>
    </domConfig>
    <domConfig mbid="53494d550219" name="SIM0083">
            <simulation>
                <noiseRate> 50.0 </noiseRate>
            </simulation>
    </domConfig>
    <domConfig mbid="53494d550220" name="SIM0084">
            <simulation>
                <noiseRate> 50.0 </noiseRate>
            </simulation>
    </domConfig>
    <domConfig mbid="53494d550221" name="SIM0085">
            <simulation>
                <noiseRate> 50.0 </noiseRate>
            </simulation>
    </domConfig>
    <domConfig mbid="53494d550222" name="SIM0086">
            <simulation>
                <noiseRate> 50.0 </noiseRate>
            </simulation>
    </domConfig>
    <domConfig mbid="53494d550223" name="SIM0087">
            <simulation>
                <noiseRate> 50.0 </noiseRate>
            </simulation>
    </domConfig>
    <domConfig mbid="53494d550224" name="SIM0088">
            <simulation>
                <noiseRate> 50.0 </noiseRate>
            </simulation>
    </domConfig>
    <domConfig mbid="53494d550225" name="SIM0089">
            <simulation>
                <noiseRate> 50.0 </noiseRate>
            </simulation>
    </domConfig>
    <domConfig mbid="53494d550226" name="SIM0090">
            <simulation>
                <noiseRate> 50.0 </noiseRate>
            </simulation>
    </domConfig>
    <domConfig mbid="53494d550227" name="SIM0091">
            <simulation>
                <noiseRate> 50.0 </noiseRate>
            </simulation>
    </domConfig>
    <domConfig mbid="53494d550228" name="SIM0092">
            <simulation>
                <noiseRate> 50.0 </noiseRate>
            </simulation>
    </domConfig>
    <domConfig mbid="53494d550229" name="SIM0093">
            <simulation>
                <noiseRate> 50.0 </noiseRate>
            </simulation>
    </domConfig>
    <domConfig mbid="53494d550230" name="SIM0094">
            <simulation>
                <noiseRate> 50.0 </noiseRate>
            </simulation>
    </domConfig>
    <domConfig mbid="53494d550231" name="SIM0095">
            <simulation>
                <noiseRate> 50.0 </noiseRate>
            </simulation>
    </domConfig>
    <domConfig mbid="53494d550232" name="SIM0096">
            <simulation>
                <noiseRate> 50.0 </noiseRate>
            </simulation>
    </domConfig>
    <domConfig mbid="53494d550233" name="SIM0097">
            <simulation>
                <noiseRate> 50.0 </noiseRate>
            </simulation>
    </domConfig>
    <domConfig mbid="53494d550234" name="SIM0098">
            <simulation>
                <noiseRate> 50.0 </noiseRate>
            </simulation>
    </domConfig>
    <domConfig mbid="53494d550235" name="SIM0099">
            <simulation>
                <noiseRate> 50.0 </noiseRate>
            </simulation>
    </domConfig>
    <domConfig mbid="53494d550236" name="SIM0100">
            <simulation>
                <noiseRate> 50.0 </noiseRate>
            </simulation>
    </domConfig>
    <domConfig mbid="53494d550237" name="SIM0101">
            <simulation>
                <noiseRate> 50.0 </noiseRate>
            </simulation>
    </domConfig>
    <domConfig mbid="53494d550238" name="SIM0102">
            <simulation>
                <noiseRate> 50.0 </noiseRate>
            </simulation>
    </domConfig>
    <domConfig mbid="53494d550239" name="SIM0103">
            <simulation>
                <noiseRate> 50.0 </noiseRate>
            </simulation>
    </domConfig>
    <domConfig mbid="53494d550240" name="SIM0104">
            <simulation>
                <noiseRate> 50.0 </noiseRate>
            </simulation>
    </domConfig>
    <domConfig mbid="53494d550241" name="SIM0105">
            <simulation>
                <noiseRate> 50.0 </noiseRate>
            </simulation>
    </domConfig>
    <domConfig mbid="53494d550242" name="SIM0106">
            <simulation>
                <noiseRate> 50.0 </noiseRate>
            </simulation>
    </domConfig>
    <domConfig mbid="53494d550243" name="SIM0107">
            <simulation>
                <noiseRate> 50.0 </noiseRate>
            </simulation>
    </domConfig>
    <domConfig mbid="53494d550244" name="SIM0108">
            <simulation>
                <noiseRate> 50.0 </noiseRate>
            </simulation>
    </domConfig>
    <domConfig mbid="53494d550245" name="SIM0109">
            <simulation>
                <noiseRate> 50.0 </noiseRate>
            </simulation>
    </domConfig>
    <domConfig mbid="53494d550246" name="SIM0110">
            <simulation>
                <noiseRate> 50.0 </noiseRate>
            </simulation>
    </domConfig>
    <domConfig mbid="53494d550247" name="SIM0111">
            <simulation>
                <noiseRate> 50.0 </noiseRate>
            </simulation>
    </domConfig>
    <domConfig mbid="53494d550248" name="SIM0112">
            <simulation>
                <noiseRate> 50.0 </noiseRate>
            </simulation>
    </domConfig>
    <domConfig mbid="53494d550249" name="SIM0113">
            <simulation>
                <noiseRate> 50.0 </noiseRate>
            </simulation>
    </domConfig>
    <domConfig mbid="53494d550250" name="SIM0114">
            <simulation>
                <noiseRate> 50.0 </noiseRate>
            </simulation>
    </domConfig>
    <domConfig mbid="53494d550251" name="SIM0115">
            <simulation>
                <noiseRate> 50.0 </noiseRate>
            </simulation>
    </domConfig>
    <domConfig mbid="53494d550252" name="SIM0116">
            <simulation>
                <noiseRate> 50.0 </noiseRate>
            </simulation>
    </domConfig>
    <domConfig mbid="53494d550253" name="SIM0117">
            <simulation>
                <noiseRate> 50.0 </noiseRate>
            </simulation>
    </domConfig>
    <domConfig mbid="53494d550254" name="SIM0118">
            <simulation>
                <noiseRate> 50.0 </noiseRate>
            </simulation>
    </domConfig>
    <domConfig mbid="53494d550255" name="SIM0119">
            <simulation>
                <noiseRate> 50.0 </noiseRate>
            </simulation>
    </domConfig>
    <domConfig mbid="53494d550256" name="SIM0120">
            <simulation>
                <noiseRate> 50.0 </noiseRate>
            </simulation>
    </domConfig>
    <domConfig mbid="53494d550257" name="SIM0121">
            <simulation>
                <noiseRate> 50.0 </noiseRate>
            </simulation>
    </domConfig>
    <domConfig mbid="53494d550258" name="SIM0122">
            <simulation>
                <noiseRate> 50.0 </noiseRate>
            </simulation>
    </domConfig>
    <domConfig mbid="53494d550259" name="SIM0123">
            <simulation>
                <noiseRate> 50.0 </noiseRate>
            </simulation>
    </domConfig>
    <domConfig mbid="53494d550260" name="SIM0124">
            <simulation>
                <noiseRate> 50.0 </noiseRate>
            </simulation>
    </domConfig>
</domConfigList>
